Determining if the pthread_create exist failed with the following output:
Change Dir: /home/pi/pixy/build/libpixyusb/CMakeFiles/CMakeTmp

Run Build Command:"/usr/bin/make" "cmTC_c460e/fast"
/usr/bin/make -f CMakeFiles/cmTC_c460e.dir/build.make CMakeFiles/cmTC_c460e.dir/build
make[1]: Entering directory '/home/pi/pixy/build/libpixyusb/CMakeFiles/CMakeTmp'
Building CXX object CMakeFiles/cmTC_c460e.dir/CheckSymbolExists.cxx.o
/usr/bin/c++      -o CMakeFiles/cmTC_c460e.dir/CheckSymbolExists.cxx.o -c /home/pi/pixy/build/libpixyusb/CMakeFiles/CMakeTmp/CheckSymbolExists.cxx
Linking CXX executable cmTC_c460e
/usr/bin/cmake -E cmake_link_script CMakeFiles/cmTC_c460e.dir/link.txt --verbose=1
/usr/bin/c++        CMakeFiles/cmTC_c460e.dir/CheckSymbolExists.cxx.o  -o cmTC_c460e -rdynamic 
CMakeFiles/cmTC_c460e.dir/CheckSymbolExists.cxx.o: In function `main':
CheckSymbolExists.cxx:(.text+0x38): undefined reference to `pthread_create'
collect2: error: ld returned 1 exit status
CMakeFiles/cmTC_c460e.dir/build.make:97: recipe for target 'cmTC_c460e' failed
make[1]: *** [cmTC_c460e] Error 1
make[1]: Leaving directory '/home/pi/pixy/build/libpixyusb/CMakeFiles/CMakeTmp'
Makefile:126: recipe for target 'cmTC_c460e/fast' failed
make: *** [cmTC_c460e/fast] Error 2

File /home/pi/pixy/build/libpixyusb/CMakeFiles/CMakeTmp/CheckSymbolExists.cxx:
/* */
#include <pthread.h>

int main(int argc, char** argv)
{
  (void)argv;
#ifndef pthread_create
  return ((int*)(&pthread_create))[argc];
#else
  (void)argc;
  return 0;
#endif
}

Determining if the function pthread_create exists in the pthreads failed with the following output:
Change Dir: /home/pi/pixy/build/libpixyusb/CMakeFiles/CMakeTmp

Run Build Command:"/usr/bin/make" "cmTC_9d676/fast"
/usr/bin/make -f CMakeFiles/cmTC_9d676.dir/build.make CMakeFiles/cmTC_9d676.dir/build
make[1]: Entering directory '/home/pi/pixy/build/libpixyusb/CMakeFiles/CMakeTmp'
Building CXX object CMakeFiles/cmTC_9d676.dir/CheckFunctionExists.cxx.o
/usr/bin/c++     -DCHECK_FUNCTION_EXISTS=pthread_create   -o CMakeFiles/cmTC_9d676.dir/CheckFunctionExists.cxx.o -c /home/pi/pixy/build/libpixyusb/CMakeFiles/CheckLibraryExists/CheckFunctionExists.cxx
Linking CXX executable cmTC_9d676
/usr/bin/cmake -E cmake_link_script CMakeFiles/cmTC_9d676.dir/link.txt --verbose=1
/usr/bin/c++    -DCHECK_FUNCTION_EXISTS=pthread_create    CMakeFiles/cmTC_9d676.dir/CheckFunctionExists.cxx.o  -o cmTC_9d676 -rdynamic -lpthreads 
/usr/bin/ld: cannot find -lpthreads
collect2: error: ld returned 1 exit status
CMakeFiles/cmTC_9d676.dir/build.make:97: recipe for target 'cmTC_9d676' failed
make[1]: *** [cmTC_9d676] Error 1
make[1]: Leaving directory '/home/pi/pixy/build/libpixyusb/CMakeFiles/CMakeTmp'
Makefile:126: recipe for target 'cmTC_9d676/fast' failed
make: *** [cmTC_9d676/fast] Error 2


